<?xml version="1.0" encoding="UTF-8"?>
<testng-results ignored="0" total="2" passed="2" failed="0" skipped="0">
  <reporter-output>
  </reporter-output>
  <suite started-at="2026-02-17T11:30:10 IST" name="Suite" finished-at="2026-02-17T11:30:20 IST" duration-ms="9995">
    <groups>
    </groups>
    <test started-at="2026-02-17T11:30:10 IST" name="Test" finished-at="2026-02-17T11:30:20 IST" duration-ms="9995">
      <class name="testscript.HomeTest">
        <test-method is-config="true" signature="initialiseDriver(java.lang.String)[pri:0, instance:testscript.HomeTest@769a1df5]" started-at="2026-02-17T11:30:16 IST" name="initialiseDriver" finished-at="2026-02-17T11:30:18 IST" duration-ms="1616" status="PASS">
          <params>
            <param index="0">
              <value>
                <![CDATA[chrome]]>
              </value>
            </param>
          </params>
          <reporter-output>
          </reporter-output>
        </test-method> <!-- initialiseDriver -->
        <test-method signature="verifyUserIsAbleToSuccessfullyLogout()[pri:0, instance:testscript.HomeTest@769a1df5]" started-at="2026-02-17T11:30:18 IST" name="verifyUserIsAbleToSuccessfullyLogout" description="Validating whether user is able to logout successfully." finished-at="2026-02-17T11:30:19 IST" duration-ms="1273" status="PASS">
          <reporter-output>
          </reporter-output>
        </test-method> <!-- verifyUserIsAbleToSuccessfullyLogout -->
        <test-method is-config="true" signature="driverQuit(org.testng.ITestResult)[pri:0, instance:testscript.HomeTest@769a1df5]" started-at="2026-02-17T11:30:19 IST" name="driverQuit" finished-at="2026-02-17T11:30:20 IST" duration-ms="1149" status="PASS">
          <params>
            <param index="0">
              <value>
                <![CDATA[[TestResult name=verifyUserIsAbleToSuccessfullyLogout status=SUCCESS method=HomeTest.verifyUserIsAbleToSuccessfullyLogout()[pri:0, instance:testscript.HomeTest@769a1df5] output={null}]]]>
              </value>
            </param>
          </params>
          <reporter-output>
          </reporter-output>
        </test-method> <!-- driverQuit -->
      </class> <!-- testscript.HomeTest -->
      <class name="testscript.LoginTest">
        <test-method is-config="true" signature="initialiseDriver(java.lang.String)[pri:0, instance:testscript.LoginTest@1f9f6368]" started-at="2026-02-17T11:30:10 IST" name="initialiseDriver" finished-at="2026-02-17T11:30:12 IST" duration-ms="2264" status="PASS">
          <params>
            <param index="0">
              <value>
                <![CDATA[chrome]]>
              </value>
            </param>
          </params>
          <reporter-output>
          </reporter-output>
        </test-method> <!-- initialiseDriver -->
        <test-method signature="verifyUserLoginWithValidUsernameAndInvalidPassword()[pri:3, instance:testscript.LoginTest@1f9f6368]" started-at="2026-02-17T11:30:12 IST" name="verifyUserLoginWithValidUsernameAndInvalidPassword" description="Validating user login with Valid Username and Invalid Password" finished-at="2026-02-17T11:30:15 IST" duration-ms="3143" status="PASS">
          <reporter-output>
          </reporter-output>
        </test-method> <!-- verifyUserLoginWithValidUsernameAndInvalidPassword -->
        <test-method is-config="true" signature="driverQuit(org.testng.ITestResult)[pri:0, instance:testscript.LoginTest@1f9f6368]" started-at="2026-02-17T11:30:15 IST" name="driverQuit" finished-at="2026-02-17T11:30:16 IST" duration-ms="483" status="PASS">
          <params>
            <param index="0">
              <value>
                <![CDATA[[TestResult name=verifyUserLoginWithValidUsernameAndInvalidPassword status=SUCCESS method=LoginTest.verifyUserLoginWithValidUsernameAndInvalidPassword()[pri:3, instance:testscript.LoginTest@1f9f6368] output={null}]]]>
              </value>
            </param>
          </params>
          <reporter-output>
          </reporter-output>
        </test-method> <!-- driverQuit -->
      </class> <!-- testscript.LoginTest -->
    </test> <!-- Test -->
  </suite> <!-- Suite -->
</testng-results>
