<?xml version="1.0" encoding="UTF-8"?>
<!-- Generated by org.testng.reporters.JUnitXMLReporter -->
<testsuite ignored="2" hostname="LAPTOP-VP7C7DUP" failures="0" tests="4" name="Test" time="18.867" errors="0" timestamp="2026-02-19T22:22:57 IST">
  <testcase classname="testscript.AdminUsersTest" name="verifyAdminIsAbleToSearchUser" time="5.023"/>
  <testcase classname="testscript.ManageNewsTest" name="verifyUserIsAbleToAddNewNews" time="2.195"/>
  <testcase classname="testscript.ManageNewsTest" name="verifyUserIsAbleToSearchNews" time="2.187"/>
  <testcase classname="testscript.ManageNewsTest" name="verifyUserIsAbleToResetTheNews" time="1.801"/>
  <testcase classname="testscript.AdminUsersTest" name="verifyAdminIsAbleToResetUserList" time="0.0">
    <ignored/>
  </testcase> <!-- verifyAdminIsAbleToResetUserList -->
  <testcase classname="testscript.AdminUsersTest" name="verifyAdminIsAbleToAddNewUser" time="0.0">
    <ignored/>
  </testcase> <!-- verifyAdminIsAbleToAddNewUser -->
</testsuite> <!-- Test -->
