<?xml version="1.0" encoding="UTF-8"?>
<!-- Generated by org.testng.reporters.JUnitXMLReporter -->
<testsuite ignored="0" hostname="LAPTOP-VP7C7DUP" failures="0" tests="1" name="ChromeTest" time="0.077" errors="0" timestamp="2026-02-14T14:42:08 IST">
  <testcase classname="automationcore.Base" name="@BeforeMethod initialiseDriver" time="0.014">
    <failure type="java.lang.Exception" message="Invalid Browser">
      <![CDATA[java.lang.Exception: Invalid Browser
at automationcore.Base.initialiseDriver(Base.java:50)
at java.base/java.util.ArrayList.forEach(ArrayList.java:1596)
... Removed 29 stack frames]]>
    </failure>
  </testcase> <!-- @BeforeMethod initialiseDriver -->
  <testcase classname="testscript.HomeTest" name="verifyUserIsAbleToSuccessfullyLogout" time="0.0">
    <skipped/>
  </testcase> <!-- verifyUserIsAbleToSuccessfullyLogout -->
</testsuite> <!-- ChromeTest -->
