<?xml version="1.0" encoding="UTF-8"?>
<!-- Generated by org.testng.reporters.JUnitReportReporter -->
<testsuite hostname="LAPTOP-VP7C7DUP" failures="0" tests="3" name="testscript.ManageNewsTest" time="9.008" errors="0" timestamp="2026-02-17T11:08:45 IST" skipped="0">
  <testcase classname="testscript.ManageNewsTest" name="verifyUserIsAbleToAddNewNews" time="3.229"/>
  <testcase classname="testscript.ManageNewsTest" name="verifyUserIsAbleToSearchNews" time="2.957"/>
  <testcase classname="testscript.ManageNewsTest" name="verifyUserIsAbleToResetTheNews" time="2.822"/>
</testsuite> <!-- testscript.ManageNewsTest -->
