<?xml version="1.0" encoding="UTF-8"?>
<!-- Generated by org.testng.reporters.JUnitReportReporter -->
<testsuite hostname="LAPTOP-VP7C7DUP" failures="0" tests="3" name="testscript.ManageNewsTest" time="11.601" errors="0" timestamp="2026-02-19T22:22:58 IST" skipped="0">
  <testcase classname="testscript.ManageNewsTest" name="verifyUserIsAbleToAddNewNews" time="4.121"/>
  <testcase classname="testscript.ManageNewsTest" name="verifyUserIsAbleToSearchNews" time="3.906"/>
  <testcase classname="testscript.ManageNewsTest" name="verifyUserIsAbleToResetTheNews" time="3.574"/>
</testsuite> <!-- testscript.ManageNewsTest -->
