<?xml version="1.0" encoding="UTF-8"?>
<!-- Generated by org.testng.reporters.JUnitReportReporter -->
<testsuite hostname="LAPTOP-VP7C7DUP" failures="0" tests="2" name="testscript.LoginTest" time="5.175" errors="0" timestamp="2026-02-19T14:45:52 IST" skipped="0">
  <testcase classname="testscript.LoginTest" name="verifyUserLoginWithValidUsernameAndValidPassword" time="2.612"/>
  <testcase classname="testscript.LoginTest" name="verifyUserLoginWithInvalidUsernameAndValidPassword" time="2.563"/>
</testsuite> <!-- testscript.LoginTest -->
