<?xml version="1.0" encoding="UTF-8"?>
<!-- Generated by org.testng.reporters.JUnitXMLReporter -->
<testsuite ignored="0" hostname="LAPTOP-VP7C7DUP" failures="0" tests="4" name="Default test" time="9.27" errors="0" timestamp="2026-02-03T23:27:29 IST">
  <testcase classname="testscript.LoginTest" name="verifyUserLoginWithInvalidUsernameAndInvalidPassword" time="0.543"/>
  <testcase classname="testscript.LoginTest" name="verifyUserLoginWithInvalidUsernameAndValidPassword" time="0.554"/>
  <testcase classname="testscript.LoginTest" name="verifyUserLoginWithValidUsernameAndInvalidPassword" time="0.519"/>
  <testcase classname="testscript.LoginTest" name="verifyUserLoginWithValidUsernameAndPassword" time="0.508"/>
</testsuite> <!-- Default test -->
