<?xml version="1.0" encoding="UTF-8"?>
<!-- Generated by org.testng.reporters.JUnitReportReporter -->
<testsuite hostname="LAPTOP-VP7C7DUP" failures="0" tests="4" name="testscript.LoginTest" time="9.220" errors="0" timestamp="2026-02-03T23:27:29 IST" skipped="0">
  <testcase classname="testscript.LoginTest" name="verifyUserLoginWithValidUsernameAndInvalidPassword" time="2.108"/>
  <testcase classname="testscript.LoginTest" name="verifyUserLoginWithInvalidUsernameAndValidPassword" time="2.277"/>
  <testcase classname="testscript.LoginTest" name="verifyUserLoginWithValidUsernameAndPassword" time="1.949"/>
  <testcase classname="testscript.LoginTest" name="verifyUserLoginWithInvalidUsernameAndInvalidPassword" time="2.886"/>
</testsuite> <!-- testscript.LoginTest -->
